app/build/intermediates/manifest_merge_blame_file/debug/processDebugMainManifest/manifest-merger-blame-debug-report.txt
1<?xml version="1.0" encoding="utf-8"?>
2<manifest xmlns:android="http://schemas.android.com/apk/res/android"
3    package="com.Hallisanthedigital"
4    android:versionCode="1"
5    android:versionName="1.0" >
6
7    <uses-sdk
8        android:minSdkVersion="24"
9        android:targetSdkVersion="34" />
10
11    <uses-permission android:name="android.permission.INTERNET" />
11-->src\main\AndroidManifest.xml:4:5-67
11-->src\main\AndroidManifest.xml:4:22-64
12    <uses-permission
12-->src\main\AndroidManifest.xml:5:5-107
13        android:name="android.permission.READ_EXTERNAL_STORAGE"
13-->src\main\AndroidManifest.xml:5:22-77
14        android:maxSdkVersion="32" />
14-->src\main\AndroidManifest.xml:5:78-104
15    <uses-permission android:name="android.permission.READ_MEDIA_IMAGES" />
15-->src\main\AndroidManifest.xml:6:5-76
15-->src\main\AndroidManifest.xml:6:22-73
16    <uses-permission android:name="android.permission.ACCESS_NETWORK_STATE" />
16-->[com.google.firebase:firebase-auth:23.0.0] AndroidManifest.xml:26:5-79
16-->[com.google.firebase:firebase-auth:23.0.0] AndroidManifest.xml:26:22-76
17    <uses-permission android:name="android.permission.WAKE_LOCK" />
17-->[com.google.android.gms:play-services-measurement-api:22.0.2] AndroidManifest.xml:24:5-68
17-->[com.google.android.gms:play-services-measurement-api:22.0.2] AndroidManifest.xml:24:22-65
18    <uses-permission android:name="com.google.android.gms.permission.AD_ID" />
18-->[com.google.android.gms:play-services-measurement-api:22.0.2] AndroidManifest.xml:25:5-79
18-->[com.google.android.gms:play-services-measurement-api:22.0.2] AndroidManifest.xml:25:22-76
19    <uses-permission android:name="android.permission.ACCESS_ADSERVICES_ATTRIBUTION" />
19-->[com.google.android.gms:play-services-measurement-api:22.0.2] AndroidManifest.xml:26:5-88
19-->[com.google.android.gms:play-services-measurement-api:22.0.2] AndroidManifest.xml:26:22-85
20    <uses-permission android:name="android.permission.ACCESS_ADSERVICES_AD_ID" />
20-->[com.google.android.gms:play-services-measurement-api:22.0.2] AndroidManifest.xml:27:5-82
20-->[com.google.android.gms:play-services-measurement-api:22.0.2] AndroidManifest.xml:27:22-79
21    <uses-permission android:name="com.google.android.finsky.permission.BIND_GET_INSTALL_REFERRER_SERVICE" />
21-->[com.google.android.gms:play-services-measurement:22.0.2] AndroidManifest.xml:26:5-110
21-->[com.google.android.gms:play-services-measurement:22.0.2] AndroidManifest.xml:26:22-107
22    <uses-permission android:name="com.google.android.providers.gsf.permission.READ_GSERVICES" />
22-->[com.google.android.recaptcha:recaptcha:18.4.0] AndroidManifest.xml:9:5-98
22-->[com.google.android.recaptcha:recaptcha:18.4.0] AndroidManifest.xml:9:22-95
23
24    <permission
24-->[androidx.core:core:1.13.1] AndroidManifest.xml:22:5-24:47
25        android:name="com.Hallisanthedigital.DYNAMIC_RECEIVER_NOT_EXPORTED_PERMISSION"
25-->[androidx.core:core:1.13.1] AndroidManifest.xml:23:9-81
26        android:protectionLevel="signature" />
26-->[androidx.core:core:1.13.1] AndroidManifest.xml:24:9-44
27
28    <uses-permission android:name="com.Hallisanthedigital.DYNAMIC_RECEIVER_NOT_EXPORTED_PERMISSION" />
28-->[androidx.core:core:1.13.1] AndroidManifest.xml:26:5-97
28-->[androidx.core:core:1.13.1] AndroidManifest.xml:26:22-94
29
30    <application
30-->src\main\AndroidManifest.xml:8:5-24:19
31        android:allowBackup="true"
31-->src\main\AndroidManifest.xml:9:9-35
32        android:appComponentFactory="androidx.core.app.CoreComponentFactory"
32-->[androidx.core:core:1.13.1] AndroidManifest.xml:28:18-86
33        android:debuggable="true"
34        android:extractNativeLibs="false"
35        android:icon="@drawable/ic_market_logo"
35-->src\main\AndroidManifest.xml:10:9-48
36        android:label="@string/app_name"
36-->src\main\AndroidManifest.xml:11:9-41
37        android:roundIcon="@drawable/ic_market_logo"
37-->src\main\AndroidManifest.xml:12:9-53
38        android:supportsRtl="true"
38-->src\main\AndroidManifest.xml:13:9-35
39        android:testOnly="true"
40        android:theme="@style/Theme.HalliSanthe" >
40-->src\main\AndroidManifest.xml:14:9-49
41        <activity
41-->src\main\AndroidManifest.xml:16:9-23:20
42            android:name="com.hallisanthe.app.MainActivity"
42-->src\main\AndroidManifest.xml:17:13-41
43            android:exported="true" >
43-->src\main\AndroidManifest.xml:18:13-36
44            <intent-filter>
44-->src\main\AndroidManifest.xml:19:13-22:29
45                <action android:name="android.intent.action.MAIN" />
45-->src\main\AndroidManifest.xml:20:17-69
45-->src\main\AndroidManifest.xml:20:25-66
46
47                <category android:name="android.intent.category.LAUNCHER" />
47-->src\main\AndroidManifest.xml:21:17-77
47-->src\main\AndroidManifest.xml:21:27-74
48            </intent-filter>
49        </activity>
50
51        <service
51-->[com.google.firebase:firebase-auth-ktx:23.0.0] AndroidManifest.xml:8:9-14:19
52            android:name="com.google.firebase.components.ComponentDiscoveryService"
52-->[com.google.firebase:firebase-auth-ktx:23.0.0] AndroidManifest.xml:9:13-84
53            android:directBootAware="true"
53-->[com.google.firebase:firebase-common:21.0.0] AndroidManifest.xml:32:13-43
54            android:exported="false" >
54-->[com.google.firebase:firebase-auth-ktx:23.0.0] AndroidManifest.xml:10:13-37
55            <meta-data
55-->[com.google.firebase:firebase-auth-ktx:23.0.0] AndroidManifest.xml:11:13-13:85
56                android:name="com.google.firebase.components:com.google.firebase.auth.ktx.FirebaseAuthLegacyRegistrar"
56-->[com.google.firebase:firebase-auth-ktx:23.0.0] AndroidManifest.xml:12:17-119
57                android:value="com.google.firebase.components.ComponentRegistrar" />
57-->[com.google.firebase:firebase-auth-ktx:23.0.0] AndroidManifest.xml:13:17-82
58            <meta-data
58-->[com.google.firebase:firebase-auth:23.0.0] AndroidManifest.xml:69:13-71:85
59                android:name="com.google.firebase.components:com.google.firebase.auth.FirebaseAuthRegistrar"
59-->[com.google.firebase:firebase-auth:23.0.0] AndroidManifest.xml:70:17-109
60                android:value="com.google.firebase.components.ComponentRegistrar" />
60-->[com.google.firebase:firebase-auth:23.0.0] AndroidManifest.xml:71:17-82
61            <meta-data
61-->[com.google.firebase:firebase-storage-ktx:21.0.0] AndroidManifest.xml:12:13-14:85
62                android:name="com.google.firebase.components:com.google.firebase.storage.ktx.FirebaseStorageLegacyRegistrar"
62-->[com.google.firebase:firebase-storage-ktx:21.0.0] AndroidManifest.xml:13:17-125
63                android:value="com.google.firebase.components.ComponentRegistrar" />
63-->[com.google.firebase:firebase-storage-ktx:21.0.0] AndroidManifest.xml:14:17-82
64            <meta-data
64-->[com.google.firebase:firebase-storage:21.0.0] AndroidManifest.xml:30:13-32:85
65                android:name="com.google.firebase.components:com.google.firebase.storage.FirebaseStorageKtxRegistrar"
65-->[com.google.firebase:firebase-storage:21.0.0] AndroidManifest.xml:31:17-118
66                android:value="com.google.firebase.components.ComponentRegistrar" />
66-->[com.google.firebase:firebase-storage:21.0.0] AndroidManifest.xml:32:17-82
67            <meta-data
67-->[com.google.firebase:firebase-storage:21.0.0] AndroidManifest.xml:33:13-35:85
68                android:name="com.google.firebase.components:com.google.firebase.storage.StorageRegistrar"
68-->[com.google.firebase:firebase-storage:21.0.0] AndroidManifest.xml:34:17-107
69                android:value="com.google.firebase.components.ComponentRegistrar" />
69-->[com.google.firebase:firebase-storage:21.0.0] AndroidManifest.xml:35:17-82
70            <meta-data
70-->[com.google.firebase:firebase-firestore-ktx:25.0.0] AndroidManifest.xml:12:13-14:85
71                android:name="com.google.firebase.components:com.google.firebase.firestore.ktx.FirebaseFirestoreLegacyRegistrar"
71-->[com.google.firebase:firebase-firestore-ktx:25.0.0] AndroidManifest.xml:13:17-129
72                android:value="com.google.firebase.components.ComponentRegistrar" />
72-->[com.google.firebase:firebase-firestore-ktx:25.0.0] AndroidManifest.xml:14:17-82
73            <meta-data
73-->[com.google.firebase:firebase-firestore:25.0.0] AndroidManifest.xml:17:13-19:85
74                android:name="com.google.firebase.components:com.google.firebase.firestore.FirebaseFirestoreKtxRegistrar"
74-->[com.google.firebase:firebase-firestore:25.0.0] AndroidManifest.xml:18:17-122
75                android:value="com.google.firebase.components.ComponentRegistrar" />
75-->[com.google.firebase:firebase-firestore:25.0.0] AndroidManifest.xml:19:17-82
76            <meta-data
76-->[com.google.firebase:firebase-firestore:25.0.0] AndroidManifest.xml:20:13-22:85
77                android:name="com.google.firebase.components:com.google.firebase.firestore.FirestoreRegistrar"
77-->[com.google.firebase:firebase-firestore:25.0.0] AndroidManifest.xml:21:17-111
78                android:value="com.google.firebase.components.ComponentRegistrar" />
78-->[com.google.firebase:firebase-firestore:25.0.0] AndroidManifest.xml:22:17-82
79            <meta-data
79-->[com.google.firebase:firebase-appcheck:18.0.0] AndroidManifest.xml:25:13-27:85
80                android:name="com.google.firebase.components:com.google.firebase.appcheck.FirebaseAppCheckKtxRegistrar"
80-->[com.google.firebase:firebase-appcheck:18.0.0] AndroidManifest.xml:26:17-120
81                android:value="com.google.firebase.components.ComponentRegistrar" />
81-->[com.google.firebase:firebase-appcheck:18.0.0] AndroidManifest.xml:27:17-82
82            <meta-data
82-->[com.google.firebase:firebase-appcheck:18.0.0] AndroidManifest.xml:28:13-30:85
83                android:name="com.google.firebase.components:com.google.firebase.appcheck.FirebaseAppCheckRegistrar"
83-->[com.google.firebase:firebase-appcheck:18.0.0] AndroidManifest.xml:29:17-117
84                android:value="com.google.firebase.components.ComponentRegistrar" />
84-->[com.google.firebase:firebase-appcheck:18.0.0] AndroidManifest.xml:30:17-82
85            <meta-data
85-->[com.google.firebase:firebase-analytics-ktx:22.0.2] AndroidManifest.xml:11:13-13:85
86                android:name="com.google.firebase.components:com.google.firebase.analytics.ktx.FirebaseAnalyticsLegacyRegistrar"
86-->[com.google.firebase:firebase-analytics-ktx:22.0.2] AndroidManifest.xml:12:17-129
87                android:value="com.google.firebase.components.ComponentRegistrar" />
87-->[com.google.firebase:firebase-analytics-ktx:22.0.2] AndroidManifest.xml:13:17-82
88            <meta-data
88-->[com.google.android.gms:play-services-measurement-api:22.0.2] AndroidManifest.xml:37:13-39:85
89                android:name="com.google.firebase.components:com.google.firebase.analytics.connector.internal.AnalyticsConnectorRegistrar"
89-->[com.google.android.gms:play-services-measurement-api:22.0.2] AndroidManifest.xml:38:17-139
90                android:value="com.google.firebase.components.ComponentRegistrar" />
90-->[com.google.android.gms:play-services-measurement-api:22.0.2] AndroidManifest.xml:39:17-82
91            <meta-data
91-->[com.google.firebase:firebase-installations:18.0.0] AndroidManifest.xml:15:13-17:85
92                android:name="com.google.firebase.components:com.google.firebase.installations.FirebaseInstallationsKtxRegistrar"
92-->[com.google.firebase:firebase-installations:18.0.0] AndroidManifest.xml:16:17-130
93                android:value="com.google.firebase.components.ComponentRegistrar" />
93-->[com.google.firebase:firebase-installations:18.0.0] AndroidManifest.xml:17:17-82
94            <meta-data
94-->[com.google.firebase:firebase-installations:18.0.0] AndroidManifest.xml:18:13-20:85
95                android:name="com.google.firebase.components:com.google.firebase.installations.FirebaseInstallationsRegistrar"
95-->[com.google.firebase:firebase-installations:18.0.0] AndroidManifest.xml:19:17-127
96                android:value="com.google.firebase.components.ComponentRegistrar" />
96-->[com.google.firebase:firebase-installations:18.0.0] AndroidManifest.xml:20:17-82
97            <meta-data
97-->[com.google.firebase:firebase-common-ktx:21.0.0] AndroidManifest.xml:12:13-14:85
98                android:name="com.google.firebase.components:com.google.firebase.ktx.FirebaseCommonLegacyRegistrar"
98-->[com.google.firebase:firebase-common-ktx:21.0.0] AndroidManifest.xml:13:17-116
99                android:value="com.google.firebase.components.ComponentRegistrar" />
99-->[com.google.firebase:firebase-common-ktx:21.0.0] AndroidManifest.xml:14:17-82
100            <meta-data
100-->[com.google.firebase:firebase-common:21.0.0] AndroidManifest.xml:35:13-37:85
101                android:name="com.google.firebase.components:com.google.firebase.FirebaseCommonKtxRegistrar"
101-->[com.google.firebase:firebase-common:21.0.0] AndroidManifest.xml:36:17-109
102                android:value="com.google.firebase.components.ComponentRegistrar" />
102-->[com.google.firebase:firebase-common:21.0.0] AndroidManifest.xml:37:17-82
103        </service>
104
105        <activity
105-->[com.google.firebase:firebase-auth:23.0.0] AndroidManifest.xml:29:9-46:20
106            android:name="com.google.firebase.auth.internal.GenericIdpActivity"
106-->[com.google.firebase:firebase-auth:23.0.0] AndroidManifest.xml:30:13-80
107            android:excludeFromRecents="true"
107-->[com.google.firebase:firebase-auth:23.0.0] AndroidManifest.xml:31:13-46
108            android:exported="true"
108-->[com.google.firebase:firebase-auth:23.0.0] AndroidManifest.xml:32:13-36
109            android:launchMode="singleTask"
109-->[com.google.firebase:firebase-auth:23.0.0] AndroidManifest.xml:33:13-44
110            android:theme="@android:style/Theme.Translucent.NoTitleBar" >
110-->[com.google.firebase:firebase-auth:23.0.0] AndroidManifest.xml:34:13-72
111            <intent-filter>
111-->[com.google.firebase:firebase-auth:23.0.0] AndroidManifest.xml:35:13-45:29
112                <action android:name="android.intent.action.VIEW" />
112-->[com.google.firebase:firebase-auth:23.0.0] AndroidManifest.xml:36:17-69
112-->[com.google.firebase:firebase-auth:23.0.0] AndroidManifest.xml:36:25-66
113
114                <category android:name="android.intent.category.DEFAULT" />
114-->[com.google.firebase:firebase-auth:23.0.0] AndroidManifest.xml:38:17-76
114-->[com.google.firebase:firebase-auth:23.0.0] AndroidManifest.xml:38:27-73
115                <category android:name="android.intent.category.BROWSABLE" />
115-->[com.google.firebase:firebase-auth:23.0.0] AndroidManifest.xml:39:17-78
115-->[com.google.firebase:firebase-auth:23.0.0] AndroidManifest.xml:39:27-75
116
117                <data
117-->[com.google.firebase:firebase-auth:23.0.0] AndroidManifest.xml:41:17-44:51
118                    android:host="firebase.auth"
118-->[com.google.firebase:firebase-auth:23.0.0] AndroidManifest.xml:42:21-49
119                    android:path="/"
119-->[com.google.firebase:firebase-auth:23.0.0] AndroidManifest.xml:43:21-37
120                    android:scheme="genericidp" />
120-->[com.google.firebase:firebase-auth:23.0.0] AndroidManifest.xml:44:21-48
121            </intent-filter>
122        </activity>
123        <activity
123-->[com.google.firebase:firebase-auth:23.0.0] AndroidManifest.xml:47:9-64:20
124            android:name="com.google.firebase.auth.internal.RecaptchaActivity"
124-->[com.google.firebase:firebase-auth:23.0.0] AndroidManifest.xml:48:13-79
125            android:excludeFromRecents="true"
125-->[com.google.firebase:firebase-auth:23.0.0] AndroidManifest.xml:49:13-46
126            android:exported="true"
126-->[com.google.firebase:firebase-auth:23.0.0] AndroidManifest.xml:50:13-36
127            android:launchMode="singleTask"
127-->[com.google.firebase:firebase-auth:23.0.0] AndroidManifest.xml:51:13-44
128            android:theme="@android:style/Theme.Translucent.NoTitleBar" >
128-->[com.google.firebase:firebase-auth:23.0.0] AndroidManifest.xml:52:13-72
129            <intent-filter>
129-->[com.google.firebase:firebase-auth:23.0.0] AndroidManifest.xml:53:13-63:29
130                <action android:name="android.intent.action.VIEW" />
130-->[com.google.firebase:firebase-auth:23.0.0] AndroidManifest.xml:36:17-69
130-->[com.google.firebase:firebase-auth:23.0.0] AndroidManifest.xml:36:25-66
131
132                <category android:name="android.intent.category.DEFAULT" />
132-->[com.google.firebase:firebase-auth:23.0.0] AndroidManifest.xml:38:17-76
132-->[com.google.firebase:firebase-auth:23.0.0] AndroidManifest.xml:38:27-73
133                <category android:name="android.intent.category.BROWSABLE" />
133-->[com.google.firebase:firebase-auth:23.0.0] AndroidManifest.xml:39:17-78
133-->[com.google.firebase:firebase-auth:23.0.0] AndroidManifest.xml:39:27-75
134
135                <data
135-->[com.google.firebase:firebase-auth:23.0.0] AndroidManifest.xml:41:17-44:51
136                    android:host="firebase.auth"
136-->[com.google.firebase:firebase-auth:23.0.0] AndroidManifest.xml:42:21-49
137                    android:path="/"
137-->[com.google.firebase:firebase-auth:23.0.0] AndroidManifest.xml:43:21-37
138                    android:scheme="recaptcha" />
138-->[com.google.firebase:firebase-auth:23.0.0] AndroidManifest.xml:44:21-48
139            </intent-filter>
140        </activity>
141
142        <service
142-->[androidx.credentials:credentials-play-services-auth:1.2.0-rc01] AndroidManifest.xml:24:9-32:19
143            android:name="androidx.credentials.playservices.CredentialProviderMetadataHolder"
143-->[androidx.credentials:credentials-play-services-auth:1.2.0-rc01] AndroidManifest.xml:25:13-94
144            android:enabled="true"
144-->[androidx.credentials:credentials-play-services-auth:1.2.0-rc01] AndroidManifest.xml:26:13-35
145            android:exported="false" >
145-->[androidx.credentials:credentials-play-services-auth:1.2.0-rc01] AndroidManifest.xml:27:13-37
146            <meta-data
146-->[androidx.credentials:credentials-play-services-auth:1.2.0-rc01] AndroidManifest.xml:29:13-31:104
147                android:name="androidx.credentials.CREDENTIAL_PROVIDER_KEY"
147-->[androidx.credentials:credentials-play-services-auth:1.2.0-rc01] AndroidManifest.xml:30:17-76
148                android:value="androidx.credentials.playservices.CredentialProviderPlayServicesImpl" />
148-->[androidx.credentials:credentials-play-services-auth:1.2.0-rc01] AndroidManifest.xml:31:17-101
149        </service>
150
151        <activity
151-->[androidx.credentials:credentials-play-services-auth:1.2.0-rc01] AndroidManifest.xml:34:9-41:20
152            android:name="androidx.credentials.playservices.HiddenActivity"
152-->[androidx.credentials:credentials-play-services-auth:1.2.0-rc01] AndroidManifest.xml:35:13-76
153            android:configChanges="orientation|screenSize|screenLayout|keyboardHidden"
153-->[androidx.credentials:credentials-play-services-auth:1.2.0-rc01] AndroidManifest.xml:36:13-87
154            android:enabled="true"
154-->[androidx.credentials:credentials-play-services-auth:1.2.0-rc01] AndroidManifest.xml:37:13-35
155            android:exported="false"
155-->[androidx.credentials:credentials-play-services-auth:1.2.0-rc01] AndroidManifest.xml:38:13-37
156            android:fitsSystemWindows="true"
156-->[androidx.credentials:credentials-play-services-auth:1.2.0-rc01] AndroidManifest.xml:39:13-45
157            android:theme="@style/Theme.Hidden" >
157-->[androidx.credentials:credentials-play-services-auth:1.2.0-rc01] AndroidManifest.xml:40:13-48
158        </activity>
159        <activity
159-->[com.google.android.gms:play-services-auth:20.7.0] AndroidManifest.xml:23:9-27:75
160            android:name="com.google.android.gms.auth.api.signin.internal.SignInHubActivity"
160-->[com.google.android.gms:play-services-auth:20.7.0] AndroidManifest.xml:24:13-93
161            android:excludeFromRecents="true"
161-->[com.google.android.gms:play-services-auth:20.7.0] AndroidManifest.xml:25:13-46
162            android:exported="false"
162-->[com.google.android.gms:play-services-auth:20.7.0] AndroidManifest.xml:26:13-37
163            android:theme="@android:style/Theme.Translucent.NoTitleBar" />
163-->[com.google.android.gms:play-services-auth:20.7.0] AndroidManifest.xml:27:13-72
164        <!--
165            Service handling Google Sign-In user revocation. For apps that do not integrate with
166            Google Sign-In, this service will never be started.
167        -->
168        <service
168-->[com.google.android.gms:play-services-auth:20.7.0] AndroidManifest.xml:33:9-37:51
169            android:name="com.google.android.gms.auth.api.signin.RevocationBoundService"
169-->[com.google.android.gms:play-services-auth:20.7.0] AndroidManifest.xml:34:13-89
170            android:exported="true"
170-->[com.google.android.gms:play-services-auth:20.7.0] AndroidManifest.xml:35:13-36
171            android:permission="com.google.android.gms.auth.api.signin.permission.REVOCATION_NOTIFICATION"
171-->[com.google.android.gms:play-services-auth:20.7.0] AndroidManifest.xml:36:13-107
172            android:visibleToInstantApps="true" />
172-->[com.google.android.gms:play-services-auth:20.7.0] AndroidManifest.xml:37:13-48
173
174        <activity
174-->[com.google.android.gms:play-services-base:18.1.0] AndroidManifest.xml:20:9-22:45
175            android:name="com.google.android.gms.common.api.GoogleApiActivity"
175-->[com.google.android.gms:play-services-base:18.1.0] AndroidManifest.xml:20:19-85
176            android:exported="false"
176-->[com.google.android.gms:play-services-base:18.1.0] AndroidManifest.xml:22:19-43
177            android:theme="@android:style/Theme.Translucent.NoTitleBar" />
177-->[com.google.android.gms:play-services-base:18.1.0] AndroidManifest.xml:21:19-78
178
179        <property
179-->[com.google.android.gms:play-services-measurement-api:22.0.2] AndroidManifest.xml:30:9-32:61
180            android:name="android.adservices.AD_SERVICES_CONFIG"
180-->[com.google.android.gms:play-services-measurement-api:22.0.2] AndroidManifest.xml:31:13-65
181            android:resource="@xml/ga_ad_services_config" />
181-->[com.google.android.gms:play-services-measurement-api:22.0.2] AndroidManifest.xml:32:13-58
182
183        <provider
183-->[com.google.firebase:firebase-common:21.0.0] AndroidManifest.xml:23:9-28:39
184            android:name="com.google.firebase.provider.FirebaseInitProvider"
184-->[com.google.firebase:firebase-common:21.0.0] AndroidManifest.xml:24:13-77
185            android:authorities="com.Hallisanthedigital.firebaseinitprovider"
185-->[com.google.firebase:firebase-common:21.0.0] AndroidManifest.xml:25:13-72
186            android:directBootAware="true"
186-->[com.google.firebase:firebase-common:21.0.0] AndroidManifest.xml:26:13-43
187            android:exported="false"
187-->[com.google.firebase:firebase-common:21.0.0] AndroidManifest.xml:27:13-37
188            android:initOrder="100" />
188-->[com.google.firebase:firebase-common:21.0.0] AndroidManifest.xml:28:13-36
189
190        <receiver
190-->[com.google.android.gms:play-services-measurement:22.0.2] AndroidManifest.xml:29:9-33:20
191            android:name="com.google.android.gms.measurement.AppMeasurementReceiver"
191-->[com.google.android.gms:play-services-measurement:22.0.2] AndroidManifest.xml:30:13-85
192            android:enabled="true"
192-->[com.google.android.gms:play-services-measurement:22.0.2] AndroidManifest.xml:31:13-35
193            android:exported="false" >
193-->[com.google.android.gms:play-services-measurement:22.0.2] AndroidManifest.xml:32:13-37
194        </receiver>
195
196        <service
196-->[com.google.android.gms:play-services-measurement:22.0.2] AndroidManifest.xml:35:9-38:40
197            android:name="com.google.android.gms.measurement.AppMeasurementService"
197-->[com.google.android.gms:play-services-measurement:22.0.2] AndroidManifest.xml:36:13-84
198            android:enabled="true"
198-->[com.google.android.gms:play-services-measurement:22.0.2] AndroidManifest.xml:37:13-35
199            android:exported="false" />
199-->[com.google.android.gms:play-services-measurement:22.0.2] AndroidManifest.xml:38:13-37
200        <service
200-->[com.google.android.gms:play-services-measurement:22.0.2] AndroidManifest.xml:39:9-43:72
201            android:name="com.google.android.gms.measurement.AppMeasurementJobService"
201-->[com.google.android.gms:play-services-measurement:22.0.2] AndroidManifest.xml:40:13-87
202            android:enabled="true"
202-->[com.google.android.gms:play-services-measurement:22.0.2] AndroidManifest.xml:41:13-35
203            android:exported="false"
203-->[com.google.android.gms:play-services-measurement:22.0.2] AndroidManifest.xml:42:13-37
204            android:permission="android.permission.BIND_JOB_SERVICE" />
204-->[com.google.android.gms:play-services-measurement:22.0.2] AndroidManifest.xml:43:13-69
205
206        <provider
206-->[androidx.emoji2:emoji2:1.3.0] AndroidManifest.xml:24:9-32:20
207            android:name="androidx.startup.InitializationProvider"
207-->[androidx.emoji2:emoji2:1.3.0] AndroidManifest.xml:25:13-67
208            android:authorities="com.Hallisanthedigital.androidx-startup"
208-->[androidx.emoji2:emoji2:1.3.0] AndroidManifest.xml:26:13-68
209            android:exported="false" >
209-->[androidx.emoji2:emoji2:1.3.0] AndroidManifest.xml:27:13-37
210            <meta-data
210-->[androidx.emoji2:emoji2:1.3.0] AndroidManifest.xml:29:13-31:52
211                android:name="androidx.emoji2.text.EmojiCompatInitializer"
211-->[androidx.emoji2:emoji2:1.3.0] AndroidManifest.xml:30:17-75
212                android:value="androidx.startup" />
212-->[androidx.emoji2:emoji2:1.3.0] AndroidManifest.xml:31:17-49
213            <meta-data
213-->[androidx.lifecycle:lifecycle-process:2.8.3] AndroidManifest.xml:29:13-31:52
214                android:name="androidx.lifecycle.ProcessLifecycleInitializer"
214-->[androidx.lifecycle:lifecycle-process:2.8.3] AndroidManifest.xml:30:17-78
215                android:value="androidx.startup" />
215-->[androidx.lifecycle:lifecycle-process:2.8.3] AndroidManifest.xml:31:17-49
216            <meta-data
216-->[androidx.profileinstaller:profileinstaller:1.3.1] AndroidManifest.xml:29:13-31:52
217                android:name="androidx.profileinstaller.ProfileInstallerInitializer"
217-->[androidx.profileinstaller:profileinstaller:1.3.1] AndroidManifest.xml:30:17-85
218                android:value="androidx.startup" />
218-->[androidx.profileinstaller:profileinstaller:1.3.1] AndroidManifest.xml:31:17-49
219        </provider>
220
221        <uses-library
221-->[androidx.window:window:1.0.0] AndroidManifest.xml:25:9-27:40
222            android:name="androidx.window.extensions"
222-->[androidx.window:window:1.0.0] AndroidManifest.xml:26:13-54
223            android:required="false" />
223-->[androidx.window:window:1.0.0] AndroidManifest.xml:27:13-37
224        <uses-library
224-->[androidx.window:window:1.0.0] AndroidManifest.xml:28:9-30:40
225            android:name="androidx.window.sidecar"
225-->[androidx.window:window:1.0.0] AndroidManifest.xml:29:13-51
226            android:required="false" />
226-->[androidx.window:window:1.0.0] AndroidManifest.xml:30:13-37
227        <uses-library
227-->[androidx.privacysandbox.ads:ads-adservices:1.0.0-beta05] AndroidManifest.xml:23:9-25:40
228            android:name="android.ext.adservices"
228-->[androidx.privacysandbox.ads:ads-adservices:1.0.0-beta05] AndroidManifest.xml:24:13-50
229            android:required="false" />
229-->[androidx.privacysandbox.ads:ads-adservices:1.0.0-beta05] AndroidManifest.xml:25:13-37
230
231        <meta-data
231-->[com.google.android.gms:play-services-basement:18.4.0] AndroidManifest.xml:6:9-122
232            android:name="com.google.android.gms.version"
232-->[com.google.android.gms:play-services-basement:18.4.0] AndroidManifest.xml:6:20-65
233            android:value="@integer/google_play_services_version" />
233-->[com.google.android.gms:play-services-basement:18.4.0] AndroidManifest.xml:6:66-119
234
235        <receiver
235-->[androidx.profileinstaller:profileinstaller:1.3.1] AndroidManifest.xml:34:9-52:20
236            android:name="androidx.profileinstaller.ProfileInstallReceiver"
236-->[androidx.profileinstaller:profileinstaller:1.3.1] AndroidManifest.xml:35:13-76
237            android:directBootAware="false"
237-->[androidx.profileinstaller:profileinstaller:1.3.1] AndroidManifest.xml:36:13-44
238            android:enabled="true"
238-->[androidx.profileinstaller:profileinstaller:1.3.1] AndroidManifest.xml:37:13-35
239            android:exported="true"
239-->[androidx.profileinstaller:profileinstaller:1.3.1] AndroidManifest.xml:38:13-36
240            android:permission="android.permission.DUMP" >
240-->[androidx.profileinstaller:profileinstaller:1.3.1] AndroidManifest.xml:39:13-57
241            <intent-filter>
241-->[androidx.profileinstaller:profileinstaller:1.3.1] AndroidManifest.xml:40:13-42:29
242                <action android:name="androidx.profileinstaller.action.INSTALL_PROFILE" />
242-->[androidx.profileinstaller:profileinstaller:1.3.1] AndroidManifest.xml:41:17-91
242-->[androidx.profileinstaller:profileinstaller:1.3.1] AndroidManifest.xml:41:25-88
243            </intent-filter>
244            <intent-filter>
244-->[androidx.profileinstaller:profileinstaller:1.3.1] AndroidManifest.xml:43:13-45:29
245                <action android:name="androidx.profileinstaller.action.SKIP_FILE" />
245-->[androidx.profileinstaller:profileinstaller:1.3.1] AndroidManifest.xml:44:17-85
245-->[androidx.profileinstaller:profileinstaller:1.3.1] AndroidManifest.xml:44:25-82
246            </intent-filter>
247            <intent-filter>